
----------------------------------
Using stored unhandled routes!.
   To discover new routes in the angular app use "npm run scully -- --scanRoutes"
----------------------------------

----------------------------------
Using stored unhandled routes!.
   To discover new routes in the angular app use "npm run scully -- --scanRoutes"
----------------------------------

----------------------------------
Using stored unhandled routes!.
   To discover new routes in the angular app use "npm run scully -- --scanRoutes"
----------------------------------

----------------------------------
Using stored unhandled routes!.
   To discover new routes in the angular app use "npm run scully -- --scanRoutes"
---------------------------------- The router plugin "contentFolder has thrown the below error,
              while trying to render route "unknown"
              Scully will exitTypeError: files is not iterable



----------------------------------
Using stored unhandled routes!.
   To discover new routes in the angular app use "npm run scully -- --scanRoutes"
---------------------------------- The router plugin "contentFolder has thrown the below error,
              while trying to render route "unknown"
              Scully will exitTypeError: files is not iterable



----------------------------------
Using stored unhandled routes!.
   To discover new routes in the angular app use "npm run scully -- --scanRoutes"
---------------------------------- The router plugin "contentFolder has thrown the below error,
              while trying to render route "unknown"
              Scully will exitTypeError: files is not iterable



----------------------------------
Using stored unhandled routes!.
   To discover new routes in the angular app use "npm run scully -- --scanRoutes"
----------------------------------No configuration for route "/blog/:slug" found. Skipping

No configuration for route "/blog/:slug" found. Skipping
----------------------------------
Using stored unhandled routes!.
   To discover new routes in the angular app use "npm run scully -- --scanRoutes"
----------------------------------


----------------------------------
Using stored unhandled routes!.
   To discover new routes in the angular app use "npm run scully -- --scanRoutes"
----------------------------------No configuration for route "/blog/:slug" found. Skipping


----------------------------------
Using stored unhandled routes!.
   To discover new routes in the angular app use "npm run scully -- --scanRoutes"
----------------------------------No configuration for route "/blog/:slug" found. Skipping


----------------------------------
Using stored unhandled routes!.
   To discover new routes in the angular app use "npm run scully -- --scanRoutes"
----------------------------------No configuration for route "/blog/:slug" found. Skipping


----------------------------------
Using stored unhandled routes!.
   To discover new routes in the angular app use "npm run scully -- --scanRoutes"
----------------------------------No configuration for route "/blog/:slug" found. Skipping


----------------------------------
Using stored unhandled routes!.
   To discover new routes in the angular app use "npm run scully -- --scanRoutes"
----------------------------------No configuration for route "/blog/:slug" found. Skipping


----------------------------------
Using stored unhandled routes!.
   To discover new routes in the angular app use "npm run scully -- --scanRoutes"
----------------------------------No configuration for route "/blog/:slug" found. Skipping


----------------------------------
Using stored unhandled routes!.
   To discover new routes in the angular app use "npm run scully -- --scanRoutes"
----------------------------------No configuration for route "/blog/:slug" found. Skipping


----------------------------------
Using stored unhandled routes!.
   To discover new routes in the angular app use "npm run scully -- --scanRoutes"
----------------------------------No configuration for route "/blog/:slug" found. Skipping


----------------------------------
Using stored unhandled routes!.
   To discover new routes in the angular app use "npm run scully -- --scanRoutes"
----------------------------------No configuration for route "/blog/:slug" found. Skipping


----------------------------------
Using stored unhandled routes!.
   To discover new routes in the angular app use "npm run scully -- --scanRoutes"
----------------------------------No configuration for route "/blog/:slug" found. Skipping


----------------------------------
Using stored unhandled routes!.
   To discover new routes in the angular app use "npm run scully -- --scanRoutes"
----------------------------------No configuration for route "/blog/:slug" found. Skipping

No configuration for route "/blog/:slug" found. Skipping
----------------------------------
Using stored unhandled routes!.
   To discover new routes in the angular app use "npm run scully -- --scanRoutes"
----------------------------------

No configuration for route "/blog/:slug" found. Skipping
----------------------------------
Using stored unhandled routes!.
   To discover new routes in the angular app use "npm run scully -- --scanRoutes"
----------------------------------


----------------------------------
Using stored unhandled routes!.
   To discover new routes in the angular app use "npm run scully -- --scanRoutes"
----------------------------------No configuration for route "/blog/:slug" found. Skipping


----------------------------------
Using stored unhandled routes!.
   To discover new routes in the angular app use "npm run scully -- --scanRoutes"
----------------------------------No configuration for route "/blog/:slug" found. Skipping


----------------------------------
Using stored unhandled routes!.
   To discover new routes in the angular app use "npm run scully -- --scanRoutes"
----------------------------------No configuration for route "/blog/:slug" found. Skipping


----------------------------------
Using stored unhandled routes!.
   To discover new routes in the angular app use "npm run scully -- --scanRoutes"
----------------------------------No configuration for route "/blog/:slug" found. Skipping


----------------------------------
Using stored unhandled routes!.
   To discover new routes in the angular app use "npm run scully -- --scanRoutes"
----------------------------------No configuration for route "/blog/:slug" found. Skipping


----------------------------------
Using stored unhandled routes!.
   To discover new routes in the angular app use "npm run scully -- --scanRoutes"
----------------------------------No configuration for route "/blog/:slug" found. Skipping


----------------------------------
Using stored unhandled routes!.
   To discover new routes in the angular app use "npm run scully -- --scanRoutes"
----------------------------------No configuration for route "/blog/:slug" found. Skipping


----------------------------------
Using stored unhandled routes!.
   To discover new routes in the angular app use "npm run scully -- --scanRoutes"
----------------------------------No configuration for route "/blog/:slug" found. Skipping


----------------------------------
Using stored unhandled routes!.
   To discover new routes in the angular app use "npm run scully -- --scanRoutes"
----------------------------------No configuration for route "/blog/:slug" found. Skipping


----------------------------------
Using stored unhandled routes!.
   To discover new routes in the angular app use "npm run scully -- --scanRoutes"
----------------------------------No configuration for route "/blog/:slug" found. Skipping


----------------------------------
Using stored unhandled routes!.
   To discover new routes in the angular app use "npm run scully -- --scanRoutes"
----------------------------------No configuration for route "/blog/:slug" found. Skipping


      ----------------
      Error, missing "<scully-content>" in route "/os/change-permission-to-file"
      without <scully-content> we can not render this route.
      Make sure it is in there, and not inside any conditionals (*ngIf)
      You can check this by opening "http://localhost:4200/os/change-permission-to-file"
      when you serve your app with ng serve and then in the browsers console run:
      document.querySelector('scully-content')
      ----------------
      
No configuration for route "/blog/:slug" found. Skipping
----------------------------------
Using stored unhandled routes!.
   To discover new routes in the angular app use "npm run scully -- --scanRoutes"
----------------------------------


      ----------------
      Error, missing "<scully-content>" in route "/os/change-permission-to-file"
      without <scully-content> we can not render this route.
      Make sure it is in there, and not inside any conditionals (*ngIf)
      You can check this by opening "http://localhost:4200/os/change-permission-to-file"
      when you serve your app with ng serve and then in the browsers console run:
      document.querySelector('scully-content')
      ----------------
      
No configuration for route "/blog/:slug" found. Skipping
----------------------------------
Using stored unhandled routes!.
   To discover new routes in the angular app use "npm run scully -- --scanRoutes"
----------------------------------


      ----------------
      Error, missing "<scully-content>" in route "/os/change-permission-to-file"
      without <scully-content> we can not render this route.
      Make sure it is in there, and not inside any conditionals (*ngIf)
      You can check this by opening "http://localhost:4200/os/change-permission-to-file"
      when you serve your app with ng serve and then in the browsers console run:
      document.querySelector('scully-content')
      ----------------
      

----------------------------------
Using stored unhandled routes!.
   To discover new routes in the angular app use "npm run scully -- --scanRoutes"
----------------------------------No configuration for route "/blog/:slug" found. Skipping


      ----------------
      Error, missing "<scully-content>" in route "/os/change-permission-to-file"
      without <scully-content> we can not render this route.
      Make sure it is in there, and not inside any conditionals (*ngIf)
      You can check this by opening "http://localhost:4200/os/change-permission-to-file"
      when you serve your app with ng serve and then in the browsers console run:
      document.querySelector('scully-content')
      ----------------
      

----------------------------------
Using stored unhandled routes!.
   To discover new routes in the angular app use "npm run scully -- --scanRoutes"
----------------------------------No configuration for route "/blog/:slug" found. Skipping


      ----------------
      Error, missing "<scully-content>" in route "/os/change-permission-to-file"
      without <scully-content> we can not render this route.
      Make sure it is in there, and not inside any conditionals (*ngIf)
      You can check this by opening "http://localhost:4200/os/change-permission-to-file"
      when you serve your app with ng serve and then in the browsers console run:
      document.querySelector('scully-content')
      ----------------
      
